[0mCompiling "target/cljsbuild/public/js/app.js" from ["src/cljs" "src/cljc" "env/dev/cljs"]...[0m
[31mFailed to compile "target/cljsbuild/public/js/app.js" in 1.354 seconds.[0m
[36m----  Could not Read  src/cljs/ilyab/core.cljs   line:83 ----[0m

  [1m/Users/ilyabernshteyn/Development/ilya/ilyab/src/cljs/ilyab/core.cljs [line 83, col 19] Unmatched delimiter ).[0m

  [36m81[0m  [36m               :value "Send"[0m
  [36m82[0m  [36m               :on-click #(rf/dispatch [:contact-submit])[0m
  [33m83[0m  [1m              }]])][0m
  [0m  [0m  [33m              /Users/ilyabernshteyn/Development/ilya/ilyab/src/cljs/ilyab/core.cljs [line 83, col 19] Unmatched delimiter ).[0m
  [36m84[0m  [36m[0m
  [36m85[0m  [36m(defn home-page[0m
  [36m86[0m  [36m  [][0m

[36m----  Reader Error : Please see src/cljs/ilyab/core.cljs  ----[0m
[0mCompiling "target/cljsbuild/public/js/app.js" from ["src/cljs" "src/cljc" "env/dev/cljs"]...[0m
[32mSuccessfully compiled "target/cljsbuild/public/js/app.js" in 1.554 seconds.[0m
notifying browser that file changed:  target/cljsbuild/public/js/out/goog/deps.js
notifying browser that file changed:  target/cljsbuild/public/js/out/cljs_deps.js
notifying browser that file changed:  target/cljsbuild/public/js/out/ilyab/core.js
[0mCompiling "target/cljsbuild/public/js/app.js" from ["src/cljs" "src/cljc" "env/dev/cljs"]...[0m
[32mSuccessfully compiled "target/cljsbuild/public/js/app.js" in 1.914 seconds.[0m
notifying browser that file changed:  target/cljsbuild/public/js/out/ilyab/core.js
[0mCompiling "target/cljsbuild/public/js/app.js" from ["src/cljs" "src/cljc" "env/dev/cljs"]...[0m
[32mSuccessfully compiled "target/cljsbuild/public/js/app.js" in 1.524 seconds.[0m
notifying browser that file changed:  target/cljsbuild/public/js/out/ilyab/core.js
[0mCompiling "target/cljsbuild/public/js/app.js" from ["src/cljs" "src/cljc" "env/dev/cljs"]...[0m
[32mSuccessfully compiled "target/cljsbuild/public/js/app.js" in 0.648 seconds.[0m
notifying browser that file changed:  target/cljsbuild/public/js/out/ilyab/core.js
[0mCompiling "target/cljsbuild/public/js/app.js" from ["src/cljs" "src/cljc" "env/dev/cljs"]...[0m
[32mSuccessfully compiled "target/cljsbuild/public/js/app.js" in 0.634 seconds.[0m
notifying browser that file changed:  target/cljsbuild/public/js/out/ilyab/core.js
[0mCompiling "target/cljsbuild/public/js/app.js" from ["src/cljs" "src/cljc" "env/dev/cljs"]...[0m
[32mSuccessfully compiled "target/cljsbuild/public/js/app.js" in 0.755 seconds.[0m
notifying browser that file changed:  target/cljsbuild/public/js/out/ilyab/core.js
[0mCompiling "target/cljsbuild/public/js/app.js" from ["src/cljs" "src/cljc" "env/dev/cljs"]...[0m
[31mFailed to compile "target/cljsbuild/public/js/app.js" in 0.358 seconds.[0m
[36m----  Could not Read  src/cljs/ilyab/core.cljs   line:94 ----[0m

  [1m/Users/ilyabernshteyn/Development/ilya/ilyab/src/cljs/ilyab/core.cljs [line 94, col 19] Unmatched delimiter ].[0m

  [36m92[0m  [36m               :value "Send"[0m
  [36m93[0m  [36m               :on-click #(rf/dispatch [:contact-submit])[0m
  [33m94[0m  [1m              }]]])[0m
  [0m  [0m  [33m              /Users/ilyabernshteyn/Development/ilya/ilyab/src/cljs/ilyab/core.cljs [line 94, col 19] Unmatched delimiter ].[0m
  [36m95[0m  [36m[0m
  [36m96[0m  [36m(defn home-page[0m
  [36m97[0m  [36m  [][0m

[36m----  Reader Error : Please see src/cljs/ilyab/core.cljs  ----[0m
[0mCompiling "target/cljsbuild/public/js/app.js" from ["src/cljs" "src/cljc" "env/dev/cljs"]...[0m
[32mSuccessfully compiled "target/cljsbuild/public/js/app.js" in 0.652 seconds.[0m
notifying browser that file changed:  target/cljsbuild/public/js/out/ilyab/core.js
[0mCompiling "target/cljsbuild/public/js/app.js" from ["src/cljs" "src/cljc" "env/dev/cljs"]...[0m
[32mSuccessfully compiled "target/cljsbuild/public/js/app.js" in 0.691 seconds.[0m
notifying browser that file changed:  target/cljsbuild/public/js/out/ilyab/core.js
[0mCompiling "target/cljsbuild/public/js/app.js" from ["src/cljs" "src/cljc" "env/dev/cljs"]...[0m
[32mSuccessfully compiled "target/cljsbuild/public/js/app.js" in 0.631 seconds.[0m
notifying browser that file changed:  target/cljsbuild/public/js/out/ilyab/core.js
[0mCompiling "target/cljsbuild/public/js/app.js" from ["src/cljs" "src/cljc" "env/dev/cljs"]...[0m
[32mSuccessfully compiled "target/cljsbuild/public/js/app.js" in 0.627 seconds.[0m
notifying browser that file changed:  target/cljsbuild/public/js/out/ilyab/core.js
[0mCompiling "target/cljsbuild/public/js/app.js" from ["src/cljs" "src/cljc" "env/dev/cljs"]...[0m
[32mSuccessfully compiled "target/cljsbuild/public/js/app.js" in 0.71 seconds.[0m
notifying browser that file changed:  target/cljsbuild/public/js/out/ilyab/core.js
[0mCompiling "target/cljsbuild/public/js/app.js" from ["src/cljs" "src/cljc" "env/dev/cljs"]...[0m
[32mSuccessfully compiled "target/cljsbuild/public/js/app.js" in 0.651 seconds.[0m
notifying browser that file changed:  target/cljsbuild/public/js/out/ilyab/core.js
[0mCompiling "target/cljsbuild/public/js/app.js" from ["src/cljs" "src/cljc" "env/dev/cljs"]...[0m
[32mSuccessfully compiled "target/cljsbuild/public/js/app.js" in 0.662 seconds.[0m
notifying browser that file changed:  target/cljsbuild/public/js/out/ilyab/core.js
[0mCompiling "target/cljsbuild/public/js/app.js" from ["src/cljs" "src/cljc" "env/dev/cljs"]...[0m
[32mSuccessfully compiled "target/cljsbuild/public/js/app.js" in 0.577 seconds.[0m
notifying browser that file changed:  target/cljsbuild/public/js/out/ilyab/core.js
[0mCompiling "target/cljsbuild/public/js/app.js" from ["src/cljs" "src/cljc" "env/dev/cljs"]...[0m
[32mSuccessfully compiled "target/cljsbuild/public/js/app.js" in 0.632 seconds.[0m
notifying browser that file changed:  target/cljsbuild/public/js/out/ilyab/core.js
[0mCompiling "target/cljsbuild/public/js/app.js" from ["src/cljs" "src/cljc" "env/dev/cljs"]...[0m
[32mSuccessfully compiled "target/cljsbuild/public/js/app.js" in 0.644 seconds.[0m
notifying browser that file changed:  target/cljsbuild/public/js/out/ilyab/core.js
[0mCompiling "target/cljsbuild/public/js/app.js" from ["src/cljs" "src/cljc" "env/dev/cljs"]...[0m
[32mSuccessfully compiled "target/cljsbuild/public/js/app.js" in 0.641 seconds.[0m
notifying browser that file changed:  target/cljsbuild/public/js/out/ilyab/core.js
[0mCompiling "target/cljsbuild/public/js/app.js" from ["src/cljs" "src/cljc" "env/dev/cljs"]...[0m
[32mSuccessfully compiled "target/cljsbuild/public/js/app.js" in 1.151 seconds.[0m
notifying browser that file changed:  target/cljsbuild/public/js/out/ilyab/core.js
Notifying browser that CSS file changed: resources/public/css/styles.css
Notifying browser that CSS file changed: resources/public/css/styles.css
[0mCompiling "target/cljsbuild/public/js/app.js" from ["src/cljs" "src/cljc" "env/dev/cljs"]...[0m
[32mSuccessfully compiled "target/cljsbuild/public/js/app.js" in 0.9 seconds.[0m
notifying browser that file changed:  target/cljsbuild/public/js/out/ilyab/core.js
[0mCompiling "target/cljsbuild/public/js/app.js" from ["src/cljs" "src/cljc" "env/dev/cljs"]...[0m
[32mSuccessfully compiled "target/cljsbuild/public/js/app.js" in 0.712 seconds.[0m
notifying browser that file changed:  target/cljsbuild/public/js/out/ilyab/core.js
[0mCompiling "target/cljsbuild/public/js/app.js" from ["src/cljs" "src/cljc" "env/dev/cljs"]...[0m
[32mSuccessfully compiled "target/cljsbuild/public/js/app.js" in 0.697 seconds.[0m
notifying browser that file changed:  target/cljsbuild/public/js/out/ilyab/core.js
[0mCompiling "target/cljsbuild/public/js/app.js" from ["src/cljs" "src/cljc" "env/dev/cljs"]...[0m
[32mSuccessfully compiled "target/cljsbuild/public/js/app.js" in 0.631 seconds.[0m
notifying browser that file changed:  target/cljsbuild/public/js/out/ilyab/core.js
[0mCompiling "target/cljsbuild/public/js/app.js" from ["src/cljs" "src/cljc" "env/dev/cljs"]...[0m
[32mSuccessfully compiled "target/cljsbuild/public/js/app.js" in 0.642 seconds.[0m
notifying browser that file changed:  target/cljsbuild/public/js/out/ilyab/core.js
[0mCompiling "target/cljsbuild/public/js/app.js" from ["src/cljs" "src/cljc" "env/dev/cljs"]...[0m
[32mSuccessfully compiled "target/cljsbuild/public/js/app.js" in 0.574 seconds.[0m
notifying browser that file changed:  target/cljsbuild/public/js/out/ilyab/core.js
[0mCompiling "target/cljsbuild/public/js/app.js" from ["src/cljs" "src/cljc" "env/dev/cljs"]...[0m
[32mSuccessfully compiled "target/cljsbuild/public/js/app.js" in 1.003 seconds.[0m
notifying browser that file changed:  target/cljsbuild/public/js/out/goog/deps.js
notifying browser that file changed:  target/cljsbuild/public/js/out/cljs_deps.js
notifying browser that file changed:  target/cljsbuild/public/js/out/ilyab/core.js
[0mCompiling "target/cljsbuild/public/js/app.js" from ["src/cljs" "src/cljc" "env/dev/cljs"]...[0m
[32mSuccessfully compiled "target/cljsbuild/public/js/app.js" in 0.739 seconds.[0m
notifying browser that file changed:  target/cljsbuild/public/js/out/ilyab/core.js
[0mCompiling "target/cljsbuild/public/js/app.js" from ["src/cljs" "src/cljc" "env/dev/cljs"]...[0m
[32mSuccessfully compiled "target/cljsbuild/public/js/app.js" in 0.741 seconds.[0m
notifying browser that file changed:  target/cljsbuild/public/js/out/ilyab/core.js
[0mCompiling "target/cljsbuild/public/js/app.js" from ["src/cljs" "src/cljc" "env/dev/cljs"]...[0m
[32mSuccessfully compiled "target/cljsbuild/public/js/app.js" in 0.641 seconds.[0m
notifying browser that file changed:  target/cljsbuild/public/js/out/ilyab/core.js
[0mCompiling "target/cljsbuild/public/js/app.js" from ["src/cljs" "src/cljc" "env/dev/cljs"]...[0m
[32mSuccessfully compiled "target/cljsbuild/public/js/app.js" in 0.625 seconds.[0m
notifying browser that file changed:  target/cljsbuild/public/js/out/ilyab/core.js
[0mCompiling "target/cljsbuild/public/js/app.js" from ["src/cljs" "src/cljc" "env/dev/cljs"]...[0m
[32mSuccessfully compiled "target/cljsbuild/public/js/app.js" in 0.678 seconds.[0m
notifying browser that file changed:  target/cljsbuild/public/js/out/ilyab/core.js
[0mCompiling "target/cljsbuild/public/js/app.js" from ["src/cljs" "src/cljc" "env/dev/cljs"]...[0m
[32mSuccessfully compiled "target/cljsbuild/public/js/app.js" in 0.599 seconds.[0m
notifying browser that file changed:  target/cljsbuild/public/js/out/ilyab/core.js
[0mCompiling "target/cljsbuild/public/js/app.js" from ["src/cljs" "src/cljc" "env/dev/cljs"]...[0m
[32mSuccessfully compiled "target/cljsbuild/public/js/app.js" in 0.599 seconds.[0m
notifying browser that file changed:  target/cljsbuild/public/js/out/ilyab/core.js
[0mCompiling "target/cljsbuild/public/js/app.js" from ["src/cljs" "src/cljc" "env/dev/cljs"]...[0m
[32mSuccessfully compiled "target/cljsbuild/public/js/app.js" in 0.663 seconds.[0m
notifying browser that file changed:  target/cljsbuild/public/js/out/ilyab/core.js
[0mCompiling "target/cljsbuild/public/js/app.js" from ["src/cljs" "src/cljc" "env/dev/cljs"]...[0m
[32mSuccessfully compiled "target/cljsbuild/public/js/app.js" in 0.614 seconds.[0m
notifying browser that file changed:  target/cljsbuild/public/js/out/ilyab/core.js
